2020/07/20 11:51:20 [error] [php] Undefined variable: staff1 (C:\xampp\htdocs\Yii\protected\views\staff\index.php:11)
Stack trace:
#0 C:\xampp\framework\web\CController.php(872): StaffController->renderFile()
#1 C:\xampp\framework\web\CController.php(785): StaffController->renderPartial()
#2 C:\xampp\htdocs\Yii\protected\controllers\StaffController.php(7): StaffController->render()
#3 C:\xampp\framework\web\actions\CInlineAction.php(49): StaffController->actionIndex()
#4 C:\xampp\framework\web\CController.php(308): CInlineAction->runWithParams()
#5 C:\xampp\framework\web\CController.php(286): StaffController->runAction()
#6 C:\xampp\framework\web\CController.php(265): StaffController->runActionWithFilters()
#7 C:\xampp\framework\web\CWebApplication.php(282): StaffController->run()
#8 C:\xampp\framework\web\CWebApplication.php(141): CWebApplication->runController()
#9 C:\xampp\framework\base\CApplication.php(185): CWebApplication->processRequest()
#10 C:\xampp\htdocs\Yii\index.php(13): CWebApplication->run()
REQUEST_URI=/yii/index.php?r=staff
in C:\xampp\htdocs\Yii\protected\views\staff\index.php (11)
in C:\xampp\htdocs\Yii\protected\controllers\StaffController.php (7)
in C:\xampp\htdocs\Yii\index.php (13)
2020/07/20 11:52:04 [error] [php] Undefined variable: staff1 (C:\xampp\htdocs\Yii\protected\views\staff\index.php:11)
Stack trace:
#0 C:\xampp\framework\web\CController.php(872): StaffController->renderFile()
#1 C:\xampp\framework\web\CController.php(785): StaffController->renderPartial()
#2 C:\xampp\htdocs\Yii\protected\controllers\StaffController.php(7): StaffController->render()
#3 C:\xampp\framework\web\actions\CInlineAction.php(49): StaffController->actionIndex()
#4 C:\xampp\framework\web\CController.php(308): CInlineAction->runWithParams()
#5 C:\xampp\framework\web\CController.php(286): StaffController->runAction()
#6 C:\xampp\framework\web\CController.php(265): StaffController->runActionWithFilters()
#7 C:\xampp\framework\web\CWebApplication.php(282): StaffController->run()
#8 C:\xampp\framework\web\CWebApplication.php(141): CWebApplication->runController()
#9 C:\xampp\framework\base\CApplication.php(185): CWebApplication->processRequest()
#10 C:\xampp\htdocs\Yii\index.php(13): CWebApplication->run()
REQUEST_URI=/yii/index.php?r=staff
in C:\xampp\htdocs\Yii\protected\views\staff\index.php (11)
in C:\xampp\htdocs\Yii\protected\controllers\StaffController.php (7)
in C:\xampp\htdocs\Yii\index.php (13)
2020/07/20 11:52:05 [error] [php] Undefined variable: staff1 (C:\xampp\htdocs\Yii\protected\views\staff\index.php:11)
Stack trace:
#0 C:\xampp\framework\web\CController.php(872): StaffController->renderFile()
#1 C:\xampp\framework\web\CController.php(785): StaffController->renderPartial()
#2 C:\xampp\htdocs\Yii\protected\controllers\StaffController.php(7): StaffController->render()
#3 C:\xampp\framework\web\actions\CInlineAction.php(49): StaffController->actionIndex()
#4 C:\xampp\framework\web\CController.php(308): CInlineAction->runWithParams()
#5 C:\xampp\framework\web\CController.php(286): StaffController->runAction()
#6 C:\xampp\framework\web\CController.php(265): StaffController->runActionWithFilters()
#7 C:\xampp\framework\web\CWebApplication.php(282): StaffController->run()
#8 C:\xampp\framework\web\CWebApplication.php(141): CWebApplication->runController()
#9 C:\xampp\framework\base\CApplication.php(185): CWebApplication->processRequest()
#10 C:\xampp\htdocs\Yii\index.php(13): CWebApplication->run()
REQUEST_URI=/yii/index.php?r=staff
in C:\xampp\htdocs\Yii\protected\views\staff\index.php (11)
in C:\xampp\htdocs\Yii\protected\controllers\StaffController.php (7)
in C:\xampp\htdocs\Yii\index.php (13)
2020/07/20 11:52:05 [error] [php] Undefined variable: staff1 (C:\xampp\htdocs\Yii\protected\views\staff\index.php:11)
Stack trace:
#0 C:\xampp\framework\web\CController.php(872): StaffController->renderFile()
#1 C:\xampp\framework\web\CController.php(785): StaffController->renderPartial()
#2 C:\xampp\htdocs\Yii\protected\controllers\StaffController.php(7): StaffController->render()
#3 C:\xampp\framework\web\actions\CInlineAction.php(49): StaffController->actionIndex()
#4 C:\xampp\framework\web\CController.php(308): CInlineAction->runWithParams()
#5 C:\xampp\framework\web\CController.php(286): StaffController->runAction()
#6 C:\xampp\framework\web\CController.php(265): StaffController->runActionWithFilters()
#7 C:\xampp\framework\web\CWebApplication.php(282): StaffController->run()
#8 C:\xampp\framework\web\CWebApplication.php(141): CWebApplication->runController()
#9 C:\xampp\framework\base\CApplication.php(185): CWebApplication->processRequest()
#10 C:\xampp\htdocs\Yii\index.php(13): CWebApplication->run()
REQUEST_URI=/yii/index.php?r=staff
in C:\xampp\htdocs\Yii\protected\views\staff\index.php (11)
in C:\xampp\htdocs\Yii\protected\controllers\StaffController.php (7)
in C:\xampp\htdocs\Yii\index.php (13)
2020/07/20 11:52:05 [error] [php] Undefined variable: staff1 (C:\xampp\htdocs\Yii\protected\views\staff\index.php:11)
Stack trace:
#0 C:\xampp\framework\web\CController.php(872): StaffController->renderFile()
#1 C:\xampp\framework\web\CController.php(785): StaffController->renderPartial()
#2 C:\xampp\htdocs\Yii\protected\controllers\StaffController.php(7): StaffController->render()
#3 C:\xampp\framework\web\actions\CInlineAction.php(49): StaffController->actionIndex()
#4 C:\xampp\framework\web\CController.php(308): CInlineAction->runWithParams()
#5 C:\xampp\framework\web\CController.php(286): StaffController->runAction()
#6 C:\xampp\framework\web\CController.php(265): StaffController->runActionWithFilters()
#7 C:\xampp\framework\web\CWebApplication.php(282): StaffController->run()
#8 C:\xampp\framework\web\CWebApplication.php(141): CWebApplication->runController()
#9 C:\xampp\framework\base\CApplication.php(185): CWebApplication->processRequest()
#10 C:\xampp\htdocs\Yii\index.php(13): CWebApplication->run()
REQUEST_URI=/yii/index.php?r=staff
in C:\xampp\htdocs\Yii\protected\views\staff\index.php (11)
in C:\xampp\htdocs\Yii\protected\controllers\StaffController.php (7)
in C:\xampp\htdocs\Yii\index.php (13)
2020/07/20 11:52:08 [error] [php] Undefined variable: staff1 (C:\xampp\htdocs\Yii\protected\views\staff\index.php:11)
Stack trace:
#0 C:\xampp\framework\web\CController.php(872): StaffController->renderFile()
#1 C:\xampp\framework\web\CController.php(785): StaffController->renderPartial()
#2 C:\xampp\htdocs\Yii\protected\controllers\StaffController.php(7): StaffController->render()
#3 C:\xampp\framework\web\actions\CInlineAction.php(49): StaffController->actionIndex()
#4 C:\xampp\framework\web\CController.php(308): CInlineAction->runWithParams()
#5 C:\xampp\framework\web\CController.php(286): StaffController->runAction()
#6 C:\xampp\framework\web\CController.php(265): StaffController->runActionWithFilters()
#7 C:\xampp\framework\web\CWebApplication.php(282): StaffController->run()
#8 C:\xampp\framework\web\CWebApplication.php(141): CWebApplication->runController()
#9 C:\xampp\framework\base\CApplication.php(185): CWebApplication->processRequest()
#10 C:\xampp\htdocs\Yii\index.php(13): CWebApplication->run()
REQUEST_URI=/yii/index.php?r=staff
in C:\xampp\htdocs\Yii\protected\views\staff\index.php (11)
in C:\xampp\htdocs\Yii\protected\controllers\StaffController.php (7)
in C:\xampp\htdocs\Yii\index.php (13)
2020/07/20 11:52:08 [error] [php] Undefined variable: staff1 (C:\xampp\htdocs\Yii\protected\views\staff\index.php:11)
Stack trace:
#0 C:\xampp\framework\web\CController.php(872): StaffController->renderFile()
#1 C:\xampp\framework\web\CController.php(785): StaffController->renderPartial()
#2 C:\xampp\htdocs\Yii\protected\controllers\StaffController.php(7): StaffController->render()
#3 C:\xampp\framework\web\actions\CInlineAction.php(49): StaffController->actionIndex()
#4 C:\xampp\framework\web\CController.php(308): CInlineAction->runWithParams()
#5 C:\xampp\framework\web\CController.php(286): StaffController->runAction()
#6 C:\xampp\framework\web\CController.php(265): StaffController->runActionWithFilters()
#7 C:\xampp\framework\web\CWebApplication.php(282): StaffController->run()
#8 C:\xampp\framework\web\CWebApplication.php(141): CWebApplication->runController()
#9 C:\xampp\framework\base\CApplication.php(185): CWebApplication->processRequest()
#10 C:\xampp\htdocs\Yii\index.php(13): CWebApplication->run()
REQUEST_URI=/yii/index.php?r=staff
in C:\xampp\htdocs\Yii\protected\views\staff\index.php (11)
in C:\xampp\htdocs\Yii\protected\controllers\StaffController.php (7)
in C:\xampp\htdocs\Yii\index.php (13)
2020/07/20 11:52:41 [error] [php] Undefined variable: staff1 (C:\xampp\htdocs\Yii\protected\views\staff\index.php:11)
Stack trace:
#0 C:\xampp\framework\web\CController.php(872): StaffController->renderFile()
#1 C:\xampp\framework\web\CController.php(785): StaffController->renderPartial()
#2 C:\xampp\htdocs\Yii\protected\controllers\StaffController.php(7): StaffController->render()
#3 C:\xampp\framework\web\actions\CInlineAction.php(49): StaffController->actionIndex()
#4 C:\xampp\framework\web\CController.php(308): CInlineAction->runWithParams()
#5 C:\xampp\framework\web\CController.php(286): StaffController->runAction()
#6 C:\xampp\framework\web\CController.php(265): StaffController->runActionWithFilters()
#7 C:\xampp\framework\web\CWebApplication.php(282): StaffController->run()
#8 C:\xampp\framework\web\CWebApplication.php(141): CWebApplication->runController()
#9 C:\xampp\framework\base\CApplication.php(185): CWebApplication->processRequest()
#10 C:\xampp\htdocs\Yii\index.php(13): CWebApplication->run()
REQUEST_URI=/yii/index.php?r=staff
in C:\xampp\htdocs\Yii\protected\views\staff\index.php (11)
in C:\xampp\htdocs\Yii\protected\controllers\StaffController.php (7)
in C:\xampp\htdocs\Yii\index.php (13)
2020/07/20 11:52:41 [error] [php] Undefined variable: staff1 (C:\xampp\htdocs\Yii\protected\views\staff\index.php:11)
Stack trace:
#0 C:\xampp\framework\web\CController.php(872): StaffController->renderFile()
#1 C:\xampp\framework\web\CController.php(785): StaffController->renderPartial()
#2 C:\xampp\htdocs\Yii\protected\controllers\StaffController.php(7): StaffController->render()
#3 C:\xampp\framework\web\actions\CInlineAction.php(49): StaffController->actionIndex()
#4 C:\xampp\framework\web\CController.php(308): CInlineAction->runWithParams()
#5 C:\xampp\framework\web\CController.php(286): StaffController->runAction()
#6 C:\xampp\framework\web\CController.php(265): StaffController->runActionWithFilters()
#7 C:\xampp\framework\web\CWebApplication.php(282): StaffController->run()
#8 C:\xampp\framework\web\CWebApplication.php(141): CWebApplication->runController()
#9 C:\xampp\framework\base\CApplication.php(185): CWebApplication->processRequest()
#10 C:\xampp\htdocs\Yii\index.php(13): CWebApplication->run()
REQUEST_URI=/yii/index.php?r=staff
in C:\xampp\htdocs\Yii\protected\views\staff\index.php (11)
in C:\xampp\htdocs\Yii\protected\controllers\StaffController.php (7)
in C:\xampp\htdocs\Yii\index.php (13)
2020/07/20 11:52:41 [error] [php] Undefined variable: staff1 (C:\xampp\htdocs\Yii\protected\views\staff\index.php:11)
Stack trace:
#0 C:\xampp\framework\web\CController.php(872): StaffController->renderFile()
#1 C:\xampp\framework\web\CController.php(785): StaffController->renderPartial()
#2 C:\xampp\htdocs\Yii\protected\controllers\StaffController.php(7): StaffController->render()
#3 C:\xampp\framework\web\actions\CInlineAction.php(49): StaffController->actionIndex()
#4 C:\xampp\framework\web\CController.php(308): CInlineAction->runWithParams()
#5 C:\xampp\framework\web\CController.php(286): StaffController->runAction()
#6 C:\xampp\framework\web\CController.php(265): StaffController->runActionWithFilters()
#7 C:\xampp\framework\web\CWebApplication.php(282): StaffController->run()
#8 C:\xampp\framework\web\CWebApplication.php(141): CWebApplication->runController()
#9 C:\xampp\framework\base\CApplication.php(185): CWebApplication->processRequest()
#10 C:\xampp\htdocs\Yii\index.php(13): CWebApplication->run()
REQUEST_URI=/yii/index.php?r=staff
in C:\xampp\htdocs\Yii\protected\views\staff\index.php (11)
in C:\xampp\htdocs\Yii\protected\controllers\StaffController.php (7)
in C:\xampp\htdocs\Yii\index.php (13)
2020/07/20 11:52:41 [error] [php] Undefined variable: staff1 (C:\xampp\htdocs\Yii\protected\views\staff\index.php:11)
Stack trace:
#0 C:\xampp\framework\web\CController.php(872): StaffController->renderFile()
#1 C:\xampp\framework\web\CController.php(785): StaffController->renderPartial()
#2 C:\xampp\htdocs\Yii\protected\controllers\StaffController.php(7): StaffController->render()
#3 C:\xampp\framework\web\actions\CInlineAction.php(49): StaffController->actionIndex()
#4 C:\xampp\framework\web\CController.php(308): CInlineAction->runWithParams()
#5 C:\xampp\framework\web\CController.php(286): StaffController->runAction()
#6 C:\xampp\framework\web\CController.php(265): StaffController->runActionWithFilters()
#7 C:\xampp\framework\web\CWebApplication.php(282): StaffController->run()
#8 C:\xampp\framework\web\CWebApplication.php(141): CWebApplication->runController()
#9 C:\xampp\framework\base\CApplication.php(185): CWebApplication->processRequest()
#10 C:\xampp\htdocs\Yii\index.php(13): CWebApplication->run()
REQUEST_URI=/yii/index.php?r=staff
in C:\xampp\htdocs\Yii\protected\views\staff\index.php (11)
in C:\xampp\htdocs\Yii\protected\controllers\StaffController.php (7)
in C:\xampp\htdocs\Yii\index.php (13)
2020/07/20 11:52:42 [error] [php] Undefined variable: staff1 (C:\xampp\htdocs\Yii\protected\views\staff\index.php:11)
Stack trace:
#0 C:\xampp\framework\web\CController.php(872): StaffController->renderFile()
#1 C:\xampp\framework\web\CController.php(785): StaffController->renderPartial()
#2 C:\xampp\htdocs\Yii\protected\controllers\StaffController.php(7): StaffController->render()
#3 C:\xampp\framework\web\actions\CInlineAction.php(49): StaffController->actionIndex()
#4 C:\xampp\framework\web\CController.php(308): CInlineAction->runWithParams()
#5 C:\xampp\framework\web\CController.php(286): StaffController->runAction()
#6 C:\xampp\framework\web\CController.php(265): StaffController->runActionWithFilters()
#7 C:\xampp\framework\web\CWebApplication.php(282): StaffController->run()
#8 C:\xampp\framework\web\CWebApplication.php(141): CWebApplication->runController()
#9 C:\xampp\framework\base\CApplication.php(185): CWebApplication->processRequest()
#10 C:\xampp\htdocs\Yii\index.php(13): CWebApplication->run()
REQUEST_URI=/yii/index.php?r=staff
in C:\xampp\htdocs\Yii\protected\views\staff\index.php (11)
in C:\xampp\htdocs\Yii\protected\controllers\StaffController.php (7)
in C:\xampp\htdocs\Yii\index.php (13)
2020/07/20 11:52:42 [error] [php] Undefined variable: staff1 (C:\xampp\htdocs\Yii\protected\views\staff\index.php:11)
Stack trace:
#0 C:\xampp\framework\web\CController.php(872): StaffController->renderFile()
#1 C:\xampp\framework\web\CController.php(785): StaffController->renderPartial()
#2 C:\xampp\htdocs\Yii\protected\controllers\StaffController.php(7): StaffController->render()
#3 C:\xampp\framework\web\actions\CInlineAction.php(49): StaffController->actionIndex()
#4 C:\xampp\framework\web\CController.php(308): CInlineAction->runWithParams()
#5 C:\xampp\framework\web\CController.php(286): StaffController->runAction()
#6 C:\xampp\framework\web\CController.php(265): StaffController->runActionWithFilters()
#7 C:\xampp\framework\web\CWebApplication.php(282): StaffController->run()
#8 C:\xampp\framework\web\CWebApplication.php(141): CWebApplication->runController()
#9 C:\xampp\framework\base\CApplication.php(185): CWebApplication->processRequest()
#10 C:\xampp\htdocs\Yii\index.php(13): CWebApplication->run()
REQUEST_URI=/yii/index.php?r=staff
in C:\xampp\htdocs\Yii\protected\views\staff\index.php (11)
in C:\xampp\htdocs\Yii\protected\controllers\StaffController.php (7)
in C:\xampp\htdocs\Yii\index.php (13)
2020/07/20 11:52:55 [error] [php] Undefined variable: staff1 (C:\xampp\htdocs\Yii\protected\views\staff\index.php:11)
Stack trace:
#0 C:\xampp\framework\web\CController.php(872): StaffController->renderFile()
#1 C:\xampp\framework\web\CController.php(785): StaffController->renderPartial()
#2 C:\xampp\htdocs\Yii\protected\controllers\StaffController.php(7): StaffController->render()
#3 C:\xampp\framework\web\actions\CInlineAction.php(49): StaffController->actionIndex()
#4 C:\xampp\framework\web\CController.php(308): CInlineAction->runWithParams()
#5 C:\xampp\framework\web\CController.php(286): StaffController->runAction()
#6 C:\xampp\framework\web\CController.php(265): StaffController->runActionWithFilters()
#7 C:\xampp\framework\web\CWebApplication.php(282): StaffController->run()
#8 C:\xampp\framework\web\CWebApplication.php(141): CWebApplication->runController()
#9 C:\xampp\framework\base\CApplication.php(185): CWebApplication->processRequest()
#10 C:\xampp\htdocs\Yii\index.php(13): CWebApplication->run()
REQUEST_URI=/yii/index.php?r=staff
in C:\xampp\htdocs\Yii\protected\views\staff\index.php (11)
in C:\xampp\htdocs\Yii\protected\controllers\StaffController.php (7)
in C:\xampp\htdocs\Yii\index.php (13)
2020/07/20 11:53:55 [error] [php] Undefined variable: staff1 (C:\xampp\htdocs\Yii\protected\views\staff\index.php:11)
Stack trace:
#0 C:\xampp\framework\web\CController.php(872): StaffController->renderFile()
#1 C:\xampp\framework\web\CController.php(785): StaffController->renderPartial()
#2 C:\xampp\htdocs\Yii\protected\controllers\StaffController.php(7): StaffController->render()
#3 C:\xampp\framework\web\actions\CInlineAction.php(49): StaffController->actionIndex()
#4 C:\xampp\framework\web\CController.php(308): CInlineAction->runWithParams()
#5 C:\xampp\framework\web\CController.php(286): StaffController->runAction()
#6 C:\xampp\framework\web\CController.php(265): StaffController->runActionWithFilters()
#7 C:\xampp\framework\web\CWebApplication.php(282): StaffController->run()
#8 C:\xampp\framework\web\CWebApplication.php(141): CWebApplication->runController()
#9 C:\xampp\framework\base\CApplication.php(185): CWebApplication->processRequest()
#10 C:\xampp\htdocs\Yii\index.php(13): CWebApplication->run()
REQUEST_URI=/yii/index.php?r=staff
in C:\xampp\htdocs\Yii\protected\views\staff\index.php (11)
in C:\xampp\htdocs\Yii\protected\controllers\StaffController.php (7)
in C:\xampp\htdocs\Yii\index.php (13)
2020/07/20 11:53:56 [error] [php] Undefined variable: staff1 (C:\xampp\htdocs\Yii\protected\views\staff\index.php:11)
Stack trace:
#0 C:\xampp\framework\web\CController.php(872): StaffController->renderFile()
#1 C:\xampp\framework\web\CController.php(785): StaffController->renderPartial()
#2 C:\xampp\htdocs\Yii\protected\controllers\StaffController.php(7): StaffController->render()
#3 C:\xampp\framework\web\actions\CInlineAction.php(49): StaffController->actionIndex()
#4 C:\xampp\framework\web\CController.php(308): CInlineAction->runWithParams()
#5 C:\xampp\framework\web\CController.php(286): StaffController->runAction()
#6 C:\xampp\framework\web\CController.php(265): StaffController->runActionWithFilters()
#7 C:\xampp\framework\web\CWebApplication.php(282): StaffController->run()
#8 C:\xampp\framework\web\CWebApplication.php(141): CWebApplication->runController()
#9 C:\xampp\framework\base\CApplication.php(185): CWebApplication->processRequest()
#10 C:\xampp\htdocs\Yii\index.php(13): CWebApplication->run()
REQUEST_URI=/yii/index.php?r=staff
in C:\xampp\htdocs\Yii\protected\views\staff\index.php (11)
in C:\xampp\htdocs\Yii\protected\controllers\StaffController.php (7)
in C:\xampp\htdocs\Yii\index.php (13)
2020/07/20 11:53:57 [error] [php] Undefined variable: staff1 (C:\xampp\htdocs\Yii\protected\views\staff\index.php:11)
Stack trace:
#0 C:\xampp\framework\web\CController.php(872): StaffController->renderFile()
#1 C:\xampp\framework\web\CController.php(785): StaffController->renderPartial()
#2 C:\xampp\htdocs\Yii\protected\controllers\StaffController.php(7): StaffController->render()
#3 C:\xampp\framework\web\actions\CInlineAction.php(49): StaffController->actionIndex()
#4 C:\xampp\framework\web\CController.php(308): CInlineAction->runWithParams()
#5 C:\xampp\framework\web\CController.php(286): StaffController->runAction()
#6 C:\xampp\framework\web\CController.php(265): StaffController->runActionWithFilters()
#7 C:\xampp\framework\web\CWebApplication.php(282): StaffController->run()
#8 C:\xampp\framework\web\CWebApplication.php(141): CWebApplication->runController()
#9 C:\xampp\framework\base\CApplication.php(185): CWebApplication->processRequest()
#10 C:\xampp\htdocs\Yii\index.php(13): CWebApplication->run()
REQUEST_URI=/yii/index.php?r=staff
in C:\xampp\htdocs\Yii\protected\views\staff\index.php (11)
in C:\xampp\htdocs\Yii\protected\controllers\StaffController.php (7)
in C:\xampp\htdocs\Yii\index.php (13)
2020/07/20 11:53:57 [error] [php] Undefined variable: staff1 (C:\xampp\htdocs\Yii\protected\views\staff\index.php:11)
Stack trace:
#0 C:\xampp\framework\web\CController.php(872): StaffController->renderFile()
#1 C:\xampp\framework\web\CController.php(785): StaffController->renderPartial()
#2 C:\xampp\htdocs\Yii\protected\controllers\StaffController.php(7): StaffController->render()
#3 C:\xampp\framework\web\actions\CInlineAction.php(49): StaffController->actionIndex()
#4 C:\xampp\framework\web\CController.php(308): CInlineAction->runWithParams()
#5 C:\xampp\framework\web\CController.php(286): StaffController->runAction()
#6 C:\xampp\framework\web\CController.php(265): StaffController->runActionWithFilters()
#7 C:\xampp\framework\web\CWebApplication.php(282): StaffController->run()
#8 C:\xampp\framework\web\CWebApplication.php(141): CWebApplication->runController()
#9 C:\xampp\framework\base\CApplication.php(185): CWebApplication->processRequest()
#10 C:\xampp\htdocs\Yii\index.php(13): CWebApplication->run()
REQUEST_URI=/yii/index.php?r=staff
in C:\xampp\htdocs\Yii\protected\views\staff\index.php (11)
in C:\xampp\htdocs\Yii\protected\controllers\StaffController.php (7)
in C:\xampp\htdocs\Yii\index.php (13)
2020/07/20 11:53:57 [error] [php] Undefined variable: staff1 (C:\xampp\htdocs\Yii\protected\views\staff\index.php:11)
Stack trace:
#0 C:\xampp\framework\web\CController.php(872): StaffController->renderFile()
#1 C:\xampp\framework\web\CController.php(785): StaffController->renderPartial()
#2 C:\xampp\htdocs\Yii\protected\controllers\StaffController.php(7): StaffController->render()
#3 C:\xampp\framework\web\actions\CInlineAction.php(49): StaffController->actionIndex()
#4 C:\xampp\framework\web\CController.php(308): CInlineAction->runWithParams()
#5 C:\xampp\framework\web\CController.php(286): StaffController->runAction()
#6 C:\xampp\framework\web\CController.php(265): StaffController->runActionWithFilters()
#7 C:\xampp\framework\web\CWebApplication.php(282): StaffController->run()
#8 C:\xampp\framework\web\CWebApplication.php(141): CWebApplication->runController()
#9 C:\xampp\framework\base\CApplication.php(185): CWebApplication->processRequest()
#10 C:\xampp\htdocs\Yii\index.php(13): CWebApplication->run()
REQUEST_URI=/yii/index.php?r=staff
in C:\xampp\htdocs\Yii\protected\views\staff\index.php (11)
in C:\xampp\htdocs\Yii\protected\controllers\StaffController.php (7)
in C:\xampp\htdocs\Yii\index.php (13)
2020/07/20 11:53:57 [error] [php] Undefined variable: staff1 (C:\xampp\htdocs\Yii\protected\views\staff\index.php:11)
Stack trace:
#0 C:\xampp\framework\web\CController.php(872): StaffController->renderFile()
#1 C:\xampp\framework\web\CController.php(785): StaffController->renderPartial()
#2 C:\xampp\htdocs\Yii\protected\controllers\StaffController.php(7): StaffController->render()
#3 C:\xampp\framework\web\actions\CInlineAction.php(49): StaffController->actionIndex()
#4 C:\xampp\framework\web\CController.php(308): CInlineAction->runWithParams()
#5 C:\xampp\framework\web\CController.php(286): StaffController->runAction()
#6 C:\xampp\framework\web\CController.php(265): StaffController->runActionWithFilters()
#7 C:\xampp\framework\web\CWebApplication.php(282): StaffController->run()
#8 C:\xampp\framework\web\CWebApplication.php(141): CWebApplication->runController()
#9 C:\xampp\framework\base\CApplication.php(185): CWebApplication->processRequest()
#10 C:\xampp\htdocs\Yii\index.php(13): CWebApplication->run()
REQUEST_URI=/yii/index.php?r=staff
in C:\xampp\htdocs\Yii\protected\views\staff\index.php (11)
in C:\xampp\htdocs\Yii\protected\controllers\StaffController.php (7)
in C:\xampp\htdocs\Yii\index.php (13)
2020/07/20 11:53:57 [error] [php] Undefined variable: staff1 (C:\xampp\htdocs\Yii\protected\views\staff\index.php:11)
Stack trace:
#0 C:\xampp\framework\web\CController.php(872): StaffController->renderFile()
#1 C:\xampp\framework\web\CController.php(785): StaffController->renderPartial()
#2 C:\xampp\htdocs\Yii\protected\controllers\StaffController.php(7): StaffController->render()
#3 C:\xampp\framework\web\actions\CInlineAction.php(49): StaffController->actionIndex()
#4 C:\xampp\framework\web\CController.php(308): CInlineAction->runWithParams()
#5 C:\xampp\framework\web\CController.php(286): StaffController->runAction()
#6 C:\xampp\framework\web\CController.php(265): StaffController->runActionWithFilters()
#7 C:\xampp\framework\web\CWebApplication.php(282): StaffController->run()
#8 C:\xampp\framework\web\CWebApplication.php(141): CWebApplication->runController()
#9 C:\xampp\framework\base\CApplication.php(185): CWebApplication->processRequest()
#10 C:\xampp\htdocs\Yii\index.php(13): CWebApplication->run()
REQUEST_URI=/yii/index.php?r=staff
in C:\xampp\htdocs\Yii\protected\views\staff\index.php (11)
in C:\xampp\htdocs\Yii\protected\controllers\StaffController.php (7)
in C:\xampp\htdocs\Yii\index.php (13)
2020/07/20 11:53:57 [error] [php] Undefined variable: staff1 (C:\xampp\htdocs\Yii\protected\views\staff\index.php:11)
Stack trace:
#0 C:\xampp\framework\web\CController.php(872): StaffController->renderFile()
#1 C:\xampp\framework\web\CController.php(785): StaffController->renderPartial()
#2 C:\xampp\htdocs\Yii\protected\controllers\StaffController.php(7): StaffController->render()
#3 C:\xampp\framework\web\actions\CInlineAction.php(49): StaffController->actionIndex()
#4 C:\xampp\framework\web\CController.php(308): CInlineAction->runWithParams()
#5 C:\xampp\framework\web\CController.php(286): StaffController->runAction()
#6 C:\xampp\framework\web\CController.php(265): StaffController->runActionWithFilters()
#7 C:\xampp\framework\web\CWebApplication.php(282): StaffController->run()
#8 C:\xampp\framework\web\CWebApplication.php(141): CWebApplication->runController()
#9 C:\xampp\framework\base\CApplication.php(185): CWebApplication->processRequest()
#10 C:\xampp\htdocs\Yii\index.php(13): CWebApplication->run()
REQUEST_URI=/yii/index.php?r=staff
in C:\xampp\htdocs\Yii\protected\views\staff\index.php (11)
in C:\xampp\htdocs\Yii\protected\controllers\StaffController.php (7)
in C:\xampp\htdocs\Yii\index.php (13)
2020/07/20 11:53:58 [error] [php] Undefined variable: staff1 (C:\xampp\htdocs\Yii\protected\views\staff\index.php:11)
Stack trace:
#0 C:\xampp\framework\web\CController.php(872): StaffController->renderFile()
#1 C:\xampp\framework\web\CController.php(785): StaffController->renderPartial()
#2 C:\xampp\htdocs\Yii\protected\controllers\StaffController.php(7): StaffController->render()
#3 C:\xampp\framework\web\actions\CInlineAction.php(49): StaffController->actionIndex()
#4 C:\xampp\framework\web\CController.php(308): CInlineAction->runWithParams()
#5 C:\xampp\framework\web\CController.php(286): StaffController->runAction()
#6 C:\xampp\framework\web\CController.php(265): StaffController->runActionWithFilters()
#7 C:\xampp\framework\web\CWebApplication.php(282): StaffController->run()
#8 C:\xampp\framework\web\CWebApplication.php(141): CWebApplication->runController()
#9 C:\xampp\framework\base\CApplication.php(185): CWebApplication->processRequest()
#10 C:\xampp\htdocs\Yii\index.php(13): CWebApplication->run()
REQUEST_URI=/yii/index.php?r=staff
in C:\xampp\htdocs\Yii\protected\views\staff\index.php (11)
in C:\xampp\htdocs\Yii\protected\controllers\StaffController.php (7)
in C:\xampp\htdocs\Yii\index.php (13)
2020/07/20 11:54:18 [error] [php] Undefined variable: staff1 (C:\xampp\htdocs\Yii\protected\views\staff\index.php:11)
Stack trace:
#0 C:\xampp\framework\web\CController.php(872): StaffController->renderFile()
#1 C:\xampp\framework\web\CController.php(785): StaffController->renderPartial()
#2 C:\xampp\htdocs\Yii\protected\controllers\StaffController.php(7): StaffController->render()
#3 C:\xampp\framework\web\actions\CInlineAction.php(49): StaffController->actionIndex()
#4 C:\xampp\framework\web\CController.php(308): CInlineAction->runWithParams()
#5 C:\xampp\framework\web\CController.php(286): StaffController->runAction()
#6 C:\xampp\framework\web\CController.php(265): StaffController->runActionWithFilters()
#7 C:\xampp\framework\web\CWebApplication.php(282): StaffController->run()
#8 C:\xampp\framework\web\CWebApplication.php(141): CWebApplication->runController()
#9 C:\xampp\framework\base\CApplication.php(185): CWebApplication->processRequest()
#10 C:\xampp\htdocs\Yii\index.php(13): CWebApplication->run()
REQUEST_URI=/yii/index.php?r=staff
in C:\xampp\htdocs\Yii\protected\views\staff\index.php (11)
in C:\xampp\htdocs\Yii\protected\controllers\StaffController.php (7)
in C:\xampp\htdocs\Yii\index.php (13)
2020/07/20 11:56:50 [error] [php] Undefined variable: staff1 (C:\xampp\htdocs\Yii\protected\views\staff\index.php:11)
Stack trace:
#0 C:\xampp\framework\web\CController.php(872): StaffController->renderFile()
#1 C:\xampp\framework\web\CController.php(785): StaffController->renderPartial()
#2 C:\xampp\htdocs\Yii\protected\controllers\StaffController.php(7): StaffController->render()
#3 C:\xampp\framework\web\actions\CInlineAction.php(49): StaffController->actionIndex()
#4 C:\xampp\framework\web\CController.php(308): CInlineAction->runWithParams()
#5 C:\xampp\framework\web\CController.php(286): StaffController->runAction()
#6 C:\xampp\framework\web\CController.php(265): StaffController->runActionWithFilters()
#7 C:\xampp\framework\web\CWebApplication.php(282): StaffController->run()
#8 C:\xampp\framework\web\CWebApplication.php(141): CWebApplication->runController()
#9 C:\xampp\framework\base\CApplication.php(185): CWebApplication->processRequest()
#10 C:\xampp\htdocs\Yii\index.php(13): CWebApplication->run()
REQUEST_URI=/yii/index.php?r=staff
in C:\xampp\htdocs\Yii\protected\views\staff\index.php (11)
in C:\xampp\htdocs\Yii\protected\controllers\StaffController.php (7)
in C:\xampp\htdocs\Yii\index.php (13)
2020/07/20 11:56:50 [error] [php] Undefined variable: staff1 (C:\xampp\htdocs\Yii\protected\views\staff\index.php:11)
Stack trace:
#0 C:\xampp\framework\web\CController.php(872): StaffController->renderFile()
#1 C:\xampp\framework\web\CController.php(785): StaffController->renderPartial()
#2 C:\xampp\htdocs\Yii\protected\controllers\StaffController.php(7): StaffController->render()
#3 C:\xampp\framework\web\actions\CInlineAction.php(49): StaffController->actionIndex()
#4 C:\xampp\framework\web\CController.php(308): CInlineAction->runWithParams()
#5 C:\xampp\framework\web\CController.php(286): StaffController->runAction()
#6 C:\xampp\framework\web\CController.php(265): StaffController->runActionWithFilters()
#7 C:\xampp\framework\web\CWebApplication.php(282): StaffController->run()
#8 C:\xampp\framework\web\CWebApplication.php(141): CWebApplication->runController()
#9 C:\xampp\framework\base\CApplication.php(185): CWebApplication->processRequest()
#10 C:\xampp\htdocs\Yii\index.php(13): CWebApplication->run()
REQUEST_URI=/yii/index.php?r=staff
in C:\xampp\htdocs\Yii\protected\views\staff\index.php (11)
in C:\xampp\htdocs\Yii\protected\controllers\StaffController.php (7)
in C:\xampp\htdocs\Yii\index.php (13)
2020/07/20 11:56:50 [error] [php] Undefined variable: staff1 (C:\xampp\htdocs\Yii\protected\views\staff\index.php:11)
Stack trace:
#0 C:\xampp\framework\web\CController.php(872): StaffController->renderFile()
#1 C:\xampp\framework\web\CController.php(785): StaffController->renderPartial()
#2 C:\xampp\htdocs\Yii\protected\controllers\StaffController.php(7): StaffController->render()
#3 C:\xampp\framework\web\actions\CInlineAction.php(49): StaffController->actionIndex()
#4 C:\xampp\framework\web\CController.php(308): CInlineAction->runWithParams()
#5 C:\xampp\framework\web\CController.php(286): StaffController->runAction()
#6 C:\xampp\framework\web\CController.php(265): StaffController->runActionWithFilters()
#7 C:\xampp\framework\web\CWebApplication.php(282): StaffController->run()
#8 C:\xampp\framework\web\CWebApplication.php(141): CWebApplication->runController()
#9 C:\xampp\framework\base\CApplication.php(185): CWebApplication->processRequest()
#10 C:\xampp\htdocs\Yii\index.php(13): CWebApplication->run()
REQUEST_URI=/yii/index.php?r=staff
in C:\xampp\htdocs\Yii\protected\views\staff\index.php (11)
in C:\xampp\htdocs\Yii\protected\controllers\StaffController.php (7)
in C:\xampp\htdocs\Yii\index.php (13)
2020/07/20 11:56:51 [error] [php] Undefined variable: staff1 (C:\xampp\htdocs\Yii\protected\views\staff\index.php:11)
Stack trace:
#0 C:\xampp\framework\web\CController.php(872): StaffController->renderFile()
#1 C:\xampp\framework\web\CController.php(785): StaffController->renderPartial()
#2 C:\xampp\htdocs\Yii\protected\controllers\StaffController.php(7): StaffController->render()
#3 C:\xampp\framework\web\actions\CInlineAction.php(49): StaffController->actionIndex()
#4 C:\xampp\framework\web\CController.php(308): CInlineAction->runWithParams()
#5 C:\xampp\framework\web\CController.php(286): StaffController->runAction()
#6 C:\xampp\framework\web\CController.php(265): StaffController->runActionWithFilters()
#7 C:\xampp\framework\web\CWebApplication.php(282): StaffController->run()
#8 C:\xampp\framework\web\CWebApplication.php(141): CWebApplication->runController()
#9 C:\xampp\framework\base\CApplication.php(185): CWebApplication->processRequest()
#10 C:\xampp\htdocs\Yii\index.php(13): CWebApplication->run()
REQUEST_URI=/yii/index.php?r=staff
in C:\xampp\htdocs\Yii\protected\views\staff\index.php (11)
in C:\xampp\htdocs\Yii\protected\controllers\StaffController.php (7)
in C:\xampp\htdocs\Yii\index.php (13)
2020/07/20 11:56:51 [error] [php] Undefined variable: staff1 (C:\xampp\htdocs\Yii\protected\views\staff\index.php:11)
Stack trace:
#0 C:\xampp\framework\web\CController.php(872): StaffController->renderFile()
#1 C:\xampp\framework\web\CController.php(785): StaffController->renderPartial()
#2 C:\xampp\htdocs\Yii\protected\controllers\StaffController.php(7): StaffController->render()
#3 C:\xampp\framework\web\actions\CInlineAction.php(49): StaffController->actionIndex()
#4 C:\xampp\framework\web\CController.php(308): CInlineAction->runWithParams()
#5 C:\xampp\framework\web\CController.php(286): StaffController->runAction()
#6 C:\xampp\framework\web\CController.php(265): StaffController->runActionWithFilters()
#7 C:\xampp\framework\web\CWebApplication.php(282): StaffController->run()
#8 C:\xampp\framework\web\CWebApplication.php(141): CWebApplication->runController()
#9 C:\xampp\framework\base\CApplication.php(185): CWebApplication->processRequest()
#10 C:\xampp\htdocs\Yii\index.php(13): CWebApplication->run()
REQUEST_URI=/yii/index.php?r=staff
in C:\xampp\htdocs\Yii\protected\views\staff\index.php (11)
in C:\xampp\htdocs\Yii\protected\controllers\StaffController.php (7)
in C:\xampp\htdocs\Yii\index.php (13)
2020/07/20 11:56:51 [error] [php] Undefined variable: staff1 (C:\xampp\htdocs\Yii\protected\views\staff\index.php:11)
Stack trace:
#0 C:\xampp\framework\web\CController.php(872): StaffController->renderFile()
#1 C:\xampp\framework\web\CController.php(785): StaffController->renderPartial()
#2 C:\xampp\htdocs\Yii\protected\controllers\StaffController.php(7): StaffController->render()
#3 C:\xampp\framework\web\actions\CInlineAction.php(49): StaffController->actionIndex()
#4 C:\xampp\framework\web\CController.php(308): CInlineAction->runWithParams()
#5 C:\xampp\framework\web\CController.php(286): StaffController->runAction()
#6 C:\xampp\framework\web\CController.php(265): StaffController->runActionWithFilters()
#7 C:\xampp\framework\web\CWebApplication.php(282): StaffController->run()
#8 C:\xampp\framework\web\CWebApplication.php(141): CWebApplication->runController()
#9 C:\xampp\framework\base\CApplication.php(185): CWebApplication->processRequest()
#10 C:\xampp\htdocs\Yii\index.php(13): CWebApplication->run()
REQUEST_URI=/yii/index.php?r=staff
in C:\xampp\htdocs\Yii\protected\views\staff\index.php (11)
in C:\xampp\htdocs\Yii\protected\controllers\StaffController.php (7)
in C:\xampp\htdocs\Yii\index.php (13)
2020/07/20 11:56:51 [error] [php] Undefined variable: staff1 (C:\xampp\htdocs\Yii\protected\views\staff\index.php:11)
Stack trace:
#0 C:\xampp\framework\web\CController.php(872): StaffController->renderFile()
#1 C:\xampp\framework\web\CController.php(785): StaffController->renderPartial()
#2 C:\xampp\htdocs\Yii\protected\controllers\StaffController.php(7): StaffController->render()
#3 C:\xampp\framework\web\actions\CInlineAction.php(49): StaffController->actionIndex()
#4 C:\xampp\framework\web\CController.php(308): CInlineAction->runWithParams()
#5 C:\xampp\framework\web\CController.php(286): StaffController->runAction()
#6 C:\xampp\framework\web\CController.php(265): StaffController->runActionWithFilters()
#7 C:\xampp\framework\web\CWebApplication.php(282): StaffController->run()
#8 C:\xampp\framework\web\CWebApplication.php(141): CWebApplication->runController()
#9 C:\xampp\framework\base\CApplication.php(185): CWebApplication->processRequest()
#10 C:\xampp\htdocs\Yii\index.php(13): CWebApplication->run()
REQUEST_URI=/yii/index.php?r=staff
in C:\xampp\htdocs\Yii\protected\views\staff\index.php (11)
in C:\xampp\htdocs\Yii\protected\controllers\StaffController.php (7)
in C:\xampp\htdocs\Yii\index.php (13)
2020/07/20 11:56:51 [error] [php] Undefined variable: staff1 (C:\xampp\htdocs\Yii\protected\views\staff\index.php:11)
Stack trace:
#0 C:\xampp\framework\web\CController.php(872): StaffController->renderFile()
#1 C:\xampp\framework\web\CController.php(785): StaffController->renderPartial()
#2 C:\xampp\htdocs\Yii\protected\controllers\StaffController.php(7): StaffController->render()
#3 C:\xampp\framework\web\actions\CInlineAction.php(49): StaffController->actionIndex()
#4 C:\xampp\framework\web\CController.php(308): CInlineAction->runWithParams()
#5 C:\xampp\framework\web\CController.php(286): StaffController->runAction()
#6 C:\xampp\framework\web\CController.php(265): StaffController->runActionWithFilters()
#7 C:\xampp\framework\web\CWebApplication.php(282): StaffController->run()
#8 C:\xampp\framework\web\CWebApplication.php(141): CWebApplication->runController()
#9 C:\xampp\framework\base\CApplication.php(185): CWebApplication->processRequest()
#10 C:\xampp\htdocs\Yii\index.php(13): CWebApplication->run()
REQUEST_URI=/yii/index.php?r=staff
in C:\xampp\htdocs\Yii\protected\views\staff\index.php (11)
in C:\xampp\htdocs\Yii\protected\controllers\StaffController.php (7)
in C:\xampp\htdocs\Yii\index.php (13)
2020/07/20 11:56:51 [error] [php] Undefined variable: staff1 (C:\xampp\htdocs\Yii\protected\views\staff\index.php:11)
Stack trace:
#0 C:\xampp\framework\web\CController.php(872): StaffController->renderFile()
#1 C:\xampp\framework\web\CController.php(785): StaffController->renderPartial()
#2 C:\xampp\htdocs\Yii\protected\controllers\StaffController.php(7): StaffController->render()
#3 C:\xampp\framework\web\actions\CInlineAction.php(49): StaffController->actionIndex()
#4 C:\xampp\framework\web\CController.php(308): CInlineAction->runWithParams()
#5 C:\xampp\framework\web\CController.php(286): StaffController->runAction()
#6 C:\xampp\framework\web\CController.php(265): StaffController->runActionWithFilters()
#7 C:\xampp\framework\web\CWebApplication.php(282): StaffController->run()
#8 C:\xampp\framework\web\CWebApplication.php(141): CWebApplication->runController()
#9 C:\xampp\framework\base\CApplication.php(185): CWebApplication->processRequest()
#10 C:\xampp\htdocs\Yii\index.php(13): CWebApplication->run()
REQUEST_URI=/yii/index.php?r=staff
in C:\xampp\htdocs\Yii\protected\views\staff\index.php (11)
in C:\xampp\htdocs\Yii\protected\controllers\StaffController.php (7)
in C:\xampp\htdocs\Yii\index.php (13)
2020/07/20 11:56:52 [error] [php] Undefined variable: staff1 (C:\xampp\htdocs\Yii\protected\views\staff\index.php:11)
Stack trace:
#0 C:\xampp\framework\web\CController.php(872): StaffController->renderFile()
#1 C:\xampp\framework\web\CController.php(785): StaffController->renderPartial()
#2 C:\xampp\htdocs\Yii\protected\controllers\StaffController.php(7): StaffController->render()
#3 C:\xampp\framework\web\actions\CInlineAction.php(49): StaffController->actionIndex()
#4 C:\xampp\framework\web\CController.php(308): CInlineAction->runWithParams()
#5 C:\xampp\framework\web\CController.php(286): StaffController->runAction()
#6 C:\xampp\framework\web\CController.php(265): StaffController->runActionWithFilters()
#7 C:\xampp\framework\web\CWebApplication.php(282): StaffController->run()
#8 C:\xampp\framework\web\CWebApplication.php(141): CWebApplication->runController()
#9 C:\xampp\framework\base\CApplication.php(185): CWebApplication->processRequest()
#10 C:\xampp\htdocs\Yii\index.php(13): CWebApplication->run()
REQUEST_URI=/yii/index.php?r=staff
in C:\xampp\htdocs\Yii\protected\views\staff\index.php (11)
in C:\xampp\htdocs\Yii\protected\controllers\StaffController.php (7)
in C:\xampp\htdocs\Yii\index.php (13)
2020/07/20 12:28:27 [error] [exception.CHttpException.404] CHttpException: The system is unable to find the requested action "default". in C:\xampp\framework\web\CController.php:486
Stack trace:
#0 C:\xampp\framework\web\CController.php(270): CController->missingAction('default')
#1 C:\xampp\framework\web\CWebApplication.php(282): CController->run('default')
#2 C:\xampp\framework\web\CWebApplication.php(141): CWebApplication->runController('gii/model/defau...')
#3 C:\xampp\framework\base\CApplication.php(185): CWebApplication->processRequest()
#4 C:\xampp\htdocs\Yii\index.php(13): CApplication->run()
#5 {main}
REQUEST_URI=/yii/index.php?r=gii/model/default
---
